Using pre-set license
Built from '2022.3/staging' branch; Version is '2022.3.15f1 (b58023a2b463) revision 11894819'; Using compiler version '192829333'; Build Type 'Release'
OS: 'Windows 10  (10.0.19045) 64bit Professional' Language: 'tr' Physical Memory: 16125 MB
BatchMode: 1, IsHumanControllingUs: 0, StartBugReporterOnCrash: 0, Is64bit: 1, IsPro: 1

COMMAND LINE ARGUMENTS:
C:\Program Files\Unity\Hub\Editor\2022.3.15f1\Editor\Unity.exe
-adb2
-batchMode
-noUpm
-name
AssetImportWorker1
-projectPath
C:/Users/User/Vive
-logFile
Logs/AssetImportWorker1.log
-srvPort
50134
Successfully changed project path to: C:/Users/User/Vive
C:/Users/User/Vive
[UnityMemory] Configuration Parameters - Can be set up in boot.config
    "memorysetup-bucket-allocator-granularity=16"
    "memorysetup-bucket-allocator-bucket-count=8"
    "memorysetup-bucket-allocator-block-size=33554432"
    "memorysetup-bucket-allocator-block-count=8"
    "memorysetup-main-allocator-block-size=16777216"
    "memorysetup-thread-allocator-block-size=16777216"
    "memorysetup-gfx-main-allocator-block-size=16777216"
    "memorysetup-gfx-thread-allocator-block-size=16777216"
    "memorysetup-cache-allocator-block-size=4194304"
    "memorysetup-typetree-allocator-block-size=2097152"
    "memorysetup-profiler-bucket-allocator-granularity=16"
    "memorysetup-profiler-bucket-allocator-bucket-count=8"
    "memorysetup-profiler-bucket-allocator-block-size=33554432"
    "memorysetup-profiler-bucket-allocator-block-count=8"
    "memorysetup-profiler-allocator-block-size=16777216"
    "memorysetup-profiler-editor-allocator-block-size=1048576"
    "memorysetup-temp-allocator-size-main=16777216"
    "memorysetup-job-temp-allocator-block-size=2097152"
    "memorysetup-job-temp-allocator-block-size-background=1048576"
    "memorysetup-job-temp-allocator-reduction-small-platforms=262144"
    "memorysetup-allocator-temp-initial-block-size-main=262144"
    "memorysetup-allocator-temp-initial-block-size-worker=262144"
    "memorysetup-temp-allocator-size-background-worker=32768"
    "memorysetup-temp-allocator-size-job-worker=262144"
    "memorysetup-temp-allocator-size-preload-manager=33554432"
    "memorysetup-temp-allocator-size-nav-mesh-worker=65536"
    "memorysetup-temp-allocator-size-audio-worker=65536"
    "memorysetup-temp-allocator-size-cloud-worker=32768"
    "memorysetup-temp-allocator-size-gi-baking-worker=262144"
    "memorysetup-temp-allocator-size-gfx=262144"
Player connection [7156] Host "[IP] 10.10.2.71 [Port] 0 [Flags] 2 [Guid] 1897408475 [EditorId] 1897408475 [Version] 1048832 [Id] WindowsEditor(7,DESKTOP-9589N40) [Debug] 1 [PackageName] WindowsEditor [ProjectName] Editor" joined multi-casting on [225.0.0.222:54997]...

Player connection [7156] Host "[IP] 10.10.2.71 [Port] 0 [Flags] 2 [Guid] 1897408475 [EditorId] 1897408475 [Version] 1048832 [Id] WindowsEditor(7,DESKTOP-9589N40) [Debug] 1 [PackageName] WindowsEditor [ProjectName] Editor" joined alternative multi-casting on [225.0.0.222:34997]...

[Physics::Module] Initialized MultithreadedJobDispatcher with 19 workers.
Refreshing native plugins compatible for Editor in 10.40 ms, found 6 plugins.
Preloading 0 native plugins for Editor in 0.00 ms.
Initialize engine version: 2022.3.15f1 (b58023a2b463)
[Subsystems] Discovering subsystems at path C:/Program Files/Unity/Hub/Editor/2022.3.15f1/Editor/Data/Resources/UnitySubsystems
[Subsystems] Discovering subsystems at path C:/Users/User/Vive/Assets
GfxDevice: creating device client; threaded=0; jobified=0
Direct3D:
    Version:  Direct3D 11.0 [level 11.1]
    Renderer: NVIDIA GeForce RTX 3060 (ID=0x2544)
    Vendor:   NVIDIA
    VRAM:     8049 MB
    Driver:   31.0.15.3623
Initialize mono
Mono path[0] = 'C:/Program Files/Unity/Hub/Editor/2022.3.15f1/Editor/Data/Managed'
Mono path[1] = 'C:/Program Files/Unity/Hub/Editor/2022.3.15f1/Editor/Data/MonoBleedingEdge/lib/mono/unityjit-win32'
Mono config path = 'C:/Program Files/Unity/Hub/Editor/2022.3.15f1/Editor/Data/MonoBleedingEdge/etc'
Using monoOptions --debugger-agent=transport=dt_socket,embedding=1,server=y,suspend=n,address=127.0.0.1:56160
Begin MonoManager ReloadAssembly
Registering precompiled unity dll's ...
Register platform support module: C:/Program Files/Unity/Hub/Editor/2022.3.15f1/Editor/Data/PlaybackEngines/WebGLSupport/UnityEditor.WebGL.Extensions.dll
Register platform support module: C:/Program Files/Unity/Hub/Editor/2022.3.15f1/Editor/Data/PlaybackEngines/WindowsStandaloneSupport/UnityEditor.WindowsStandalone.Extensions.dll
Registered in 0.007449 seconds.
- Loaded All Assemblies, in  0.403 seconds
Native extension for WindowsStandalone target not found
Native extension for WebGL target not found
Mono: successfully reloaded assembly
- Finished resetting the current domain, in  0.345 seconds
Domain Reload Profiling: 747ms
	BeginReloadAssembly (119ms)
		ExecutionOrderSort (0ms)
		DisableScriptedObjects (0ms)
		BackupInstance (0ms)
		ReleaseScriptingObjects (0ms)
		CreateAndSetChildDomain (1ms)
	RebuildCommonClasses (38ms)
	RebuildNativeTypeToScriptingClass (14ms)
	initialDomainReloadingComplete (67ms)
	LoadAllAssembliesAndSetupDomain (164ms)
		LoadAssemblies (117ms)
		RebuildTransferFunctionScriptingTraits (0ms)
		AnalyzeDomain (162ms)
			TypeCache.Refresh (160ms)
				TypeCache.ScanAssembly (144ms)
			ScanForSourceGeneratedMonoScriptInfo (0ms)
			ResolveRequiredComponents (1ms)
	FinalizeReload (345ms)
		ReleaseScriptCaches (0ms)
		RebuildScriptCaches (0ms)
		SetupLoadedEditorAssemblies (270ms)
			LogAssemblyErrors (0ms)
			InitializePlatformSupportModulesInManaged (12ms)
			SetLoadedEditorAssemblies (7ms)
			RefreshPlugins (0ms)
			BeforeProcessingInitializeOnLoad (3ms)
			ProcessInitializeOnLoadAttributes (190ms)
			ProcessInitializeOnLoadMethodAttributes (59ms)
			AfterProcessingInitializeOnLoad (0ms)
			EditorAssembliesLoaded (0ms)
		ExecutionOrderSort2 (0ms)
		AwakeInstancesAfterBackupRestoration (0ms)
========================================================================
Worker process is ready to serve import requests
Begin MonoManager ReloadAssembly
- Loaded All Assemblies, in  0.719 seconds
Refreshing native plugins compatible for Editor in 5.76 ms, found 6 plugins.
Native extension for WindowsStandalone target not found
Native extension for WebGL target not found
Package Manager log level set to [2]
[Package Manager] Server::EnsureServerProcessIsRunning -- launch failed, reason: Unity was launched with the -noUpm command-line argument
[Package Manager] UpmClient::Send -- Unable to send message (not connected to UPM process).
[Package Manager] Cannot connect to Unity Package Manager local server
[Package Manager] Server::EnsureServerProcessIsRunning -- launch failed, reason: Unity was launched with the -noUpm command-line argument
[Package Manager] UpmClient::Send -- Unable to send message (not connected to UPM process).
[Package Manager] Cannot connect to Unity Package Manager local server
Mono: successfully reloaded assembly
[Package Manager] Server::EnsureServerProcessIsRunning -- launch failed, reason: Unity was launched with the -noUpm command-line argument
[Package Manager] UpmClient::Send -- Unable to send message (not connected to UPM process).
[Package Manager] Cannot connect to Unity Package Manager local server
[Package Manager] Server::EnsureServerProcessIsRunning -- launch failed, reason: Unity was launched with the -noUpm command-line argument
[Package Manager] UpmClient::Send -- Unable to send message (not connected to UPM process).
[Package Manager] Cannot connect to Unity Package Manager local server
- Finished resetting the current domain, in  0.690 seconds
Domain Reload Profiling: 1407ms
	BeginReloadAssembly (168ms)
		ExecutionOrderSort (0ms)
		DisableScriptedObjects (6ms)
		BackupInstance (0ms)
		ReleaseScriptingObjects (0ms)
		CreateAndSetChildDomain (20ms)
	RebuildCommonClasses (41ms)
	RebuildNativeTypeToScriptingClass (13ms)
	initialDomainReloadingComplete (48ms)
	LoadAllAssembliesAndSetupDomain (447ms)
		LoadAssemblies (328ms)
		RebuildTransferFunctionScriptingTraits (0ms)
		AnalyzeDomain (219ms)
			TypeCache.Refresh (189ms)
				TypeCache.ScanAssembly (171ms)
			ScanForSourceGeneratedMonoScriptInfo (21ms)
			ResolveRequiredComponents (7ms)
	FinalizeReload (691ms)
		ReleaseScriptCaches (0ms)
		RebuildScriptCaches (0ms)
		SetupLoadedEditorAssemblies (498ms)
			LogAssemblyErrors (0ms)
			InitializePlatformSupportModulesInManaged (9ms)
			SetLoadedEditorAssemblies (5ms)
			RefreshPlugins (0ms)
			BeforeProcessingInitializeOnLoad (71ms)
			ProcessInitializeOnLoadAttributes (379ms)
			ProcessInitializeOnLoadMethodAttributes (28ms)
			AfterProcessingInitializeOnLoad (6ms)
			EditorAssembliesLoaded (0ms)
		ExecutionOrderSort2 (0ms)
		AwakeInstancesAfterBackupRestoration (8ms)
Launched and connected shader compiler UnityShaderCompiler.exe after 0.04 seconds
Refreshing native plugins compatible for Editor in 3.23 ms, found 6 plugins.
Preloading 0 native plugins for Editor in 0.00 ms.
Unloading 3420 Unused Serialized files (Serialized files now loaded: 0)
Unloading 36 unused Assets / (58.8 KB). Loaded Objects now: 3893.
Memory consumption went from 134.7 MB to 134.6 MB.
Total: 2.591600 ms (FindLiveObjects: 0.189100 ms CreateObjectMapping: 0.083100 ms MarkObjects: 2.220100 ms  DeleteObjects: 0.098400 ms)

AssetImportParameters requested are different than current active one (requested -> active):
  custom:container-demuxer-ogg: 62fdf1f143b41e24485cea50d1cbac27 -> 
  custom:video-decoder-ogg-theora: a1e56fd34408186e4bbccfd4996cb3dc -> 
  custom:framework-win-MediaFoundation: 216162199b28c13a410421893ffa2e32 -> 
  custom:CustomObjectIndexerAttribute: 43b350a4d6e6d1791af0b5038c4bea17 -> 
  custom:container-demuxer-webm: 4f35f7cbe854078d1ac9338744f61a02 -> 
  custom:container-muxer-webm: aa71ff27fc2769a1b78a27578f13a17b -> 
  custom:video-decoder-webm-vp8: 9c59270c3fd7afecdb556c50c9e8de78 -> 
  custom:SearchIndexIgnoredProperties: e643bd26f0fe6173181afceb89e7c659 -> 
  custom:AudioImporter_EditorPlatform: d09bf68614088b80899f8185d706f6e7 -> 
  custom:video-encoder-webm-vp8: eb34c28f22e8b96e1ab97ce403110664 -> 
  custom:audio-decoder-ogg-vorbis: bf7c407c2cedff20999df2af8eb42d56 -> 
  custom:audio-encoder-webm-vorbis: bf7c407c2cedff20999df2af8eb42d56 -> 
========================================================================
Received Import Request.
  Time since last request: 1382.718397 seconds.
  path: Assets/SteamVR/InteractionSystem/Core/Prefabs/Player.prefab
  artifactKey: Guid(dc06161b6d97feb419f45f03b62e14b9) Importer(815301076,1909f56bfc062723c751e8b465ee728b)
Start importing Assets/SteamVR/InteractionSystem/Core/Prefabs/Player.prefab using Guid(dc06161b6d97feb419f45f03b62e14b9) Importer(815301076,1909f56bfc062723c751e8b465ee728b) Could not find match for direction: in
UnityEngine.StackTraceUtility:ExtractStackTrace ()
UnityEngine.DebugLogHandler:LogFormat (UnityEngine.LogType,UnityEngine.Object,string,object[])
UnityEngine.Logger:Log (UnityEngine.LogType,object)
UnityEngine.Debug:LogError (object)
Valve.VR.SteamVR_Action_Source_Map:GetActionDirection () (at Assets/SteamVR/Input/SteamVR_Action.cs:690)
Valve.VR.SteamVR_Action_Source_Map:PreInitialize (Valve.VR.SteamVR_Action,string,bool) (at Assets/SteamVR/Input/SteamVR_Action.cs:636)
Valve.VR.SteamVR_Action`2<Valve.VR.SteamVR_Action_Boolean_Source_Map, Valve.VR.SteamVR_Action_Boolean_Source>:PreInitialize (string) (at Assets/SteamVR/Input/SteamVR_Action.cs:100)
Valve.VR.SteamVR_Action:Create<Valve.VR.SteamVR_Action_Boolean> (string) (at Assets/SteamVR/Input/SteamVR_Action.cs:294)
Valve.VR.SteamVR_Actions:PreInitActions () (at Assets/SteamVR_Input/SteamVR_Input_Actions.cs:298)
Valve.VR.SteamVR_Actions:PreInitialize () (at Assets/SteamVR_Input/SteamVR_Input_Initialization.cs:24)
System.Reflection.RuntimeMethodInfo:Invoke (object,System.Reflection.BindingFlags,System.Reflection.Binder,object[],System.Globalization.CultureInfo)
System.Reflection.MethodBase:Invoke (object,object[])
Valve.VR.SteamVR_Input:FindPreinitializeMethod () (at Assets/SteamVR/Input/SteamVR_Input.cs:134)
Valve.VR.SteamVR_Input:.cctor () (at Assets/SteamVR/Input/SteamVR_Input.cs:114)
Valve.VR.InteractionSystem.Player:.ctor () (at Assets/SteamVR/InteractionSystem/Core/Scripts/Player.cs:41)

(Filename: Assets/SteamVR/Input/SteamVR_Action.cs Line: 690)

Could not find match for direction: in
UnityEngine.StackTraceUtility:ExtractStackTrace ()
UnityEngine.DebugLogHandler:LogFormat (UnityEngine.LogType,UnityEngine.Object,string,object[])
UnityEngine.Logger:Log (UnityEngine.LogType,object)
UnityEngine.Debug:LogError (object)
Valve.VR.SteamVR_Action_Source_Map:GetActionDirection () (at Assets/SteamVR/Input/SteamVR_Action.cs:690)
Valve.VR.SteamVR_Action_Source_Map:PreInitialize (Valve.VR.SteamVR_Action,string,bool) (at Assets/SteamVR/Input/SteamVR_Action.cs:636)
Valve.VR.SteamVR_Action`2<Valve.VR.SteamVR_Action_Boolean_Source_Map, Valve.VR.SteamVR_Action_Boolean_Source>:PreInitialize (string) (at Assets/SteamVR/Input/SteamVR_Action.cs:100)
Valve.VR.SteamVR_Action:Create<Valve.VR.SteamVR_Action_Boolean> (string) (at Assets/SteamVR/Input/SteamVR_Action.cs:294)
Valve.VR.SteamVR_Actions:PreInitActions () (at Assets/SteamVR_Input/SteamVR_Input_Actions.cs:299)
Valve.VR.SteamVR_Actions:PreInitialize () (at Assets/SteamVR_Input/SteamVR_Input_Initialization.cs:24)
System.Reflection.RuntimeMethodInfo:Invoke (object,System.Reflection.BindingFlags,System.Reflection.Binder,object[],System.Globalization.CultureInfo)
System.Reflection.MethodBase:Invoke (object,object[])
Valve.VR.SteamVR_Input:FindPreinitializeMethod () (at Assets/SteamVR/Input/SteamVR_Input.cs:134)
Valve.VR.SteamVR_Input:.cctor () (at Assets/SteamVR/Input/SteamVR_Input.cs:114)
Valve.VR.InteractionSystem.Player:.ctor () (at Assets/SteamVR/InteractionSystem/Core/Scripts/Player.cs:41)

(Filename: Assets/SteamVR/Input/SteamVR_Action.cs Line: 690)

Could not find match for direction: in
UnityEngine.StackTraceUtility:ExtractStackTrace ()
UnityEngine.DebugLogHandler:LogFormat (UnityEngine.LogType,UnityEngine.Object,string,object[])
UnityEngine.Logger:Log (UnityEngine.LogType,object)
UnityEngine.Debug:LogError (object)
Valve.VR.SteamVR_Action_Source_Map:GetActionDirection () (at Assets/SteamVR/Input/SteamVR_Action.cs:690)
Valve.VR.SteamVR_Action_Source_Map:PreInitialize (Valve.VR.SteamVR_Action,string,bool) (at Assets/SteamVR/Input/SteamVR_Action.cs:636)
Valve.VR.SteamVR_Action`2<Valve.VR.SteamVR_Action_Boolean_Source_Map, Valve.VR.SteamVR_Action_Boolean_Source>:PreInitialize (string) (at Assets/SteamVR/Input/SteamVR_Action.cs:100)
Valve.VR.SteamVR_Action:Create<Valve.VR.SteamVR_Action_Boolean> (string) (at Assets/SteamVR/Input/SteamVR_Action.cs:294)
Valve.VR.SteamVR_Actions:PreInitActions () (at Assets/SteamVR_Input/SteamVR_Input_Actions.cs:300)
Valve.VR.SteamVR_Actions:PreInitialize () (at Assets/SteamVR_Input/SteamVR_Input_Initialization.cs:24)
System.Reflection.RuntimeMethodInfo:Invoke (object,System.Reflection.BindingFlags,System.Reflection.Binder,object[],System.Globalization.CultureInfo)
System.Reflection.MethodBase:Invoke (object,object[])
Valve.VR.SteamVR_Input:FindPreinitializeMethod () (at Assets/SteamVR/Input/SteamVR_Input.cs:134)
Valve.VR.SteamVR_Input:.cctor () (at Assets/SteamVR/Input/SteamVR_Input.cs:114)
Valve.VR.InteractionSystem.Player:.ctor () (at Assets/SteamVR/InteractionSystem/Core/Scripts/Player.cs:41)

(Filename: Assets/SteamVR/Input/SteamVR_Action.cs Line: 690)

Could not find match for direction: in
UnityEngine.StackTraceUtility:ExtractStackTrace ()
UnityEngine.DebugLogHandler:LogFormat (UnityEngine.LogType,UnityEngine.Object,string,object[])
UnityEngine.Logger:Log (UnityEngine.LogType,object)
UnityEngine.Debug:LogError (object)
Valve.VR.SteamVR_Action_Source_Map:GetActionDirection () (at Assets/SteamVR/Input/SteamVR_Action.cs:690)
Valve.VR.SteamVR_Action_Source_Map:PreInitialize (Valve.VR.SteamVR_Action,string,bool) (at Assets/SteamVR/Input/SteamVR_Action.cs:636)
Valve.VR.SteamVR_Action`2<Valve.VR.SteamVR_Action_Boolean_Source_Map, Valve.VR.SteamVR_Action_Boolean_Source>:PreInitialize (string) (at Assets/SteamVR/Input/SteamVR_Action.cs:100)
Valve.VR.SteamVR_Action:Create<Valve.VR.SteamVR_Action_Boolean> (string) (at Assets/SteamVR/Input/SteamVR_Action.cs:294)
Valve.VR.SteamVR_Actions:PreInitActions () (at Assets/SteamVR_Input/SteamVR_Input_Actions.cs:301)
Valve.VR.SteamVR_Actions:PreInitialize () (at Assets/SteamVR_Input/SteamVR_Input_Initialization.cs:24)
System.Reflection.RuntimeMethodInfo:Invoke (object,System.Reflection.BindingFlags,System.Reflection.Binder,object[],System.Globalization.CultureInfo)
System.Reflection.MethodBase:Invoke (object,object[])
Valve.VR.SteamVR_Input:FindPreinitializeMethod () (at Assets/SteamVR/Input/SteamVR_Input.cs:134)
Valve.VR.SteamVR_Input:.cctor () (at Assets/SteamVR/Input/SteamVR_Input.cs:114)
Valve.VR.InteractionSystem.Player:.ctor () (at Assets/SteamVR/InteractionSystem/Core/Scripts/Player.cs:41)

(Filename: Assets/SteamVR/Input/SteamVR_Action.cs Line: 690)

Could not find match for direction: in
UnityEngine.StackTraceUtility:ExtractStackTrace ()
UnityEngine.DebugLogHandler:LogFormat (UnityEngine.LogType,UnityEngine.Object,string,object[])
UnityEngine.Logger:Log (UnityEngine.LogType,object)
UnityEngine.Debug:LogError (object)
Valve.VR.SteamVR_Action_Source_Map:GetActionDirection () (at Assets/SteamVR/Input/SteamVR_Action.cs:690)
Valve.VR.SteamVR_Action_Source_Map:PreInitialize (Valve.VR.SteamVR_Action,string,bool) (at Assets/SteamVR/Input/SteamVR_Action.cs:636)
Valve.VR.SteamVR_Action`2<Valve.VR.SteamVR_Action_Pose_Source_Map`1<Valve.VR.SteamVR_Action_Pose_Source>, Valve.VR.SteamVR_Action_Pose_Source>:PreInitialize (string) (at Assets/SteamVR/Input/SteamVR_Action.cs:100)
Valve.VR.SteamVR_Action:Create<Valve.VR.SteamVR_Action_Pose> (string) (at Assets/SteamVR/Input/SteamVR_Action.cs:294)
Valve.VR.SteamVR_Actions:PreInitActions () (at Assets/SteamVR_Input/SteamVR_Input_Actions.cs:302)
Valve.VR.SteamVR_Actions:PreInitialize () (at Assets/SteamVR_Input/SteamVR_Input_Initialization.cs:24)
System.Reflection.RuntimeMethodInfo:Invoke (object,System.Reflection.BindingFlags,System.Reflection.Binder,object[],System.Globalization.CultureInfo)
System.Reflection.MethodBase:Invoke (object,object[])
Valve.VR.SteamVR_Input:FindPreinitializeMethod () (at Assets/SteamVR/Input/SteamVR_Input.cs:134)
Valve.VR.SteamVR_Input:.cctor () (at Assets/SteamVR/Input/SteamVR_Input.cs:114)
Valve.VR.InteractionSystem.Player:.ctor () (at Assets/SteamVR/InteractionSystem/Core/Scripts/Player.cs:41)

(Filename: Assets/SteamVR/Input/SteamVR_Action.cs Line: 690)

Could not find match for direction: in
UnityEngine.StackTraceUtility:ExtractStackTrace ()
UnityEngine.DebugLogHandler:LogFormat (UnityEngine.LogType,UnityEngine.Object,string,object[])
UnityEngine.Logger:Log (UnityEngine.LogType,object)
UnityEngine.Debug:LogError (object)
Valve.VR.SteamVR_Action_Source_Map:GetActionDirection () (at Assets/SteamVR/Input/SteamVR_Action.cs:690)
Valve.VR.SteamVR_Action_Source_Map:PreInitialize (Valve.VR.SteamVR_Action,string,bool) (at Assets/SteamVR/Input/SteamVR_Action.cs:636)
Valve.VR.SteamVR_Action`2<Valve.VR.SteamVR_Action_Skeleton_Source_Map, Valve.VR.SteamVR_Action_Skeleton_Source>:PreInitialize (string) (at Assets/SteamVR/Input/SteamVR_Action.cs:100)
Valve.VR.SteamVR_Action:Create<Valve.VR.SteamVR_Action_Skeleton> (string) (at Assets/SteamVR/Input/SteamVR_Action.cs:294)
Valve.VR.SteamVR_Actions:PreInitActions () (at Assets/SteamVR_Input/SteamVR_Input_Actions.cs:303)
Valve.VR.SteamVR_Actions:PreInitialize () (at Assets/SteamVR_Input/SteamVR_Input_Initialization.cs:24)
System.Reflection.RuntimeMethodInfo:Invoke (object,System.Reflection.BindingFlags,System.Reflection.Binder,object[],System.Globalization.CultureInfo)
System.Reflection.MethodBase:Invoke (object,object[])
Valve.VR.SteamVR_Input:FindPreinitializeMethod () (at Assets/SteamVR/Input/SteamVR_Input.cs:134)
Valve.VR.SteamVR_Input:.cctor () (at Assets/SteamVR/Input/SteamVR_Input.cs:114)
Valve.VR.InteractionSystem.Player:.ctor () (at Assets/SteamVR/InteractionSystem/Core/Scripts/Player.cs:41)

(Filename: Assets/SteamVR/Input/SteamVR_Action.cs Line: 690)

Could not find match for direction: in
UnityEngine.StackTraceUtility:ExtractStackTrace ()
UnityEngine.DebugLogHandler:LogFormat (UnityEngine.LogType,UnityEngine.Object,string,object[])
UnityEngine.Logger:Log (UnityEngine.LogType,object)
UnityEngine.Debug:LogError (object)
Valve.VR.SteamVR_Action_Source_Map:GetActionDirection () (at Assets/SteamVR/Input/SteamVR_Action.cs:690)
Valve.VR.SteamVR_Action_Source_Map:PreInitialize (Valve.VR.SteamVR_Action,string,bool) (at Assets/SteamVR/Input/SteamVR_Action.cs:636)
Valve.VR.SteamVR_Action`2<Valve.VR.SteamVR_Action_Skeleton_Source_Map, Valve.VR.SteamVR_Action_Skeleton_Source>:PreInitialize (string) (at Assets/SteamVR/Input/SteamVR_Action.cs:100)
Valve.VR.SteamVR_Action:Create<Valve.VR.SteamVR_Action_Skeleton> (string) (at Assets/SteamVR/Input/SteamVR_Action.cs:294)
Valve.VR.SteamVR_Actions:PreInitActions () (at Assets/SteamVR_Input/SteamVR_Input_Actions.cs:304)
Valve.VR.SteamVR_Actions:PreInitialize () (at Assets/SteamVR_Input/SteamVR_Input_Initialization.cs:24)
System.Reflection.RuntimeMethodInfo:Invoke (object,System.Reflection.BindingFlags,System.Reflection.Binder,object[],System.Globalization.CultureInfo)
System.Reflection.MethodBase:Invoke (object,object[])
Valve.VR.SteamVR_Input:FindPreinitializeMethod () (at Assets/SteamVR/Input/SteamVR_Input.cs:134)
Valve.VR.SteamVR_Input:.cctor () (at Assets/SteamVR/Input/SteamVR_Input.cs:114)
Valve.VR.InteractionSystem.Player:.ctor () (at Assets/SteamVR/InteractionSystem/Core/Scripts/Player.cs:41)

(Filename: Assets/SteamVR/Input/SteamVR_Action.cs Line: 690)

Could not find match for direction: in
UnityEngine.StackTraceUtility:ExtractStackTrace ()
UnityEngine.DebugLogHandler:LogFormat (UnityEngine.LogType,UnityEngine.Object,string,object[])
UnityEngine.Logger:Log (UnityEngine.LogType,object)
UnityEngine.Debug:LogError (object)
Valve.VR.SteamVR_Action_Source_Map:GetActionDirection () (at Assets/SteamVR/Input/SteamVR_Action.cs:690)
Valve.VR.SteamVR_Action_Source_Map:PreInitialize (Valve.VR.SteamVR_Action,string,bool) (at Assets/SteamVR/Input/SteamVR_Action.cs:636)
Valve.VR.SteamVR_Action`2<Valve.VR.SteamVR_Action_Single_Source_Map, Valve.VR.SteamVR_Action_Single_Source>:PreInitialize (string) (at Assets/SteamVR/Input/SteamVR_Action.cs:100)
Valve.VR.SteamVR_Action:Create<Valve.VR.SteamVR_Action_Single> (string) (at Assets/SteamVR/Input/SteamVR_Action.cs:294)
Valve.VR.SteamVR_Actions:PreInitActions () (at Assets/SteamVR_Input/SteamVR_Input_Actions.cs:305)
Valve.VR.SteamVR_Actions:PreInitialize () (at Assets/SteamVR_Input/SteamVR_Input_Initialization.cs:24)
System.Reflection.RuntimeMethodInfo:Invoke (object,System.Reflection.BindingFlags,System.Reflection.Binder,object[],System.Globalization.CultureInfo)
System.Reflection.MethodBase:Invoke (object,object[])
Valve.VR.SteamVR_Input:FindPreinitializeMethod () (at Assets/SteamVR/Input/SteamVR_Input.cs:134)
Valve.VR.SteamVR_Input:.cctor () (at Assets/SteamVR/Input/SteamVR_Input.cs:114)
Valve.VR.InteractionSystem.Player:.ctor () (at Assets/SteamVR/InteractionSystem/Core/Scripts/Player.cs:41)

(Filename: Assets/SteamVR/Input/SteamVR_Action.cs Line: 690)

Could not find match for direction: in
UnityEngine.StackTraceUtility:ExtractStackTrace ()
UnityEngine.DebugLogHandler:LogFormat (UnityEngine.LogType,UnityEngine.Object,string,object[])
UnityEngine.Logger:Log (UnityEngine.LogType,object)
UnityEngine.Debug:LogError (object)
Valve.VR.SteamVR_Action_Source_Map:GetActionDirection () (at Assets/SteamVR/Input/SteamVR_Action.cs:690)
Valve.VR.SteamVR_Action_Source_Map:PreInitialize (Valve.VR.SteamVR_Action,string,bool) (at Assets/SteamVR/Input/SteamVR_Action.cs:636)
Valve.VR.SteamVR_Action`2<Valve.VR.SteamVR_Action_Boolean_Source_Map, Valve.VR.SteamVR_Action_Boolean_Source>:PreInitialize (string) (at Assets/SteamVR/Input/SteamVR_Action.cs:100)
Valve.VR.SteamVR_Action:Create<Valve.VR.SteamVR_Action_Boolean> (string) (at Assets/SteamVR/Input/SteamVR_Action.cs:294)
Valve.VR.SteamVR_Actions:PreInitActions () (at Assets/SteamVR_Input/SteamVR_Input_Actions.cs:306)
Valve.VR.SteamVR_Actions:PreInitialize () (at Assets/SteamVR_Input/SteamVR_Input_Initialization.cs:24)
System.Reflection.RuntimeMethodInfo:Invoke (object,System.Reflection.BindingFlags,System.Reflection.Binder,object[],System.Globalization.CultureInfo)
System.Reflection.MethodBase:Invoke (object,object[])
Valve.VR.SteamVR_Input:FindPreinitializeMethod () (at Assets/SteamVR/Input/SteamVR_Input.cs:134)
Valve.VR.SteamVR_Input:.cctor () (at Assets/SteamVR/Input/SteamVR_Input.cs:114)
Valve.VR.InteractionSystem.Player:.ctor () (at Assets/SteamVR/InteractionSystem/Core/Scripts/Player.cs:41)

(Filename: Assets/SteamVR/Input/SteamVR_Action.cs Line: 690)

Could not find match for direction: in
UnityEngine.StackTraceUtility:ExtractStackTrace ()
UnityEngine.DebugLogHandler:LogFormat (UnityEngine.LogType,UnityEngine.Object,string,object[])
UnityEngine.Logger:Log (UnityEngine.LogType,object)
UnityEngine.Debug:LogError (object)
Valve.VR.SteamVR_Action_Source_Map:GetActionDirection () (at Assets/SteamVR/Input/SteamVR_Action.cs:690)
Valve.VR.SteamVR_Action_Source_Map:PreInitialize (Valve.VR.SteamVR_Action,string,bool) (at Assets/SteamVR/Input/SteamVR_Action.cs:636)
Valve.VR.SteamVR_Action`2<Valve.VR.SteamVR_Action_Boolean_Source_Map, Valve.VR.SteamVR_Action_Boolean_Source>:PreInitialize (string) (at Assets/SteamVR/Input/SteamVR_Action.cs:100)
Valve.VR.SteamVR_Action:Create<Valve.VR.SteamVR_Action_Boolean> (string) (at Assets/SteamVR/Input/SteamVR_Action.cs:294)
Valve.VR.SteamVR_Actions:PreInitActions () (at Assets/SteamVR_Input/SteamVR_Input_Actions.cs:307)
Valve.VR.SteamVR_Actions:PreInitialize () (at Assets/SteamVR_Input/SteamVR_Input_Initialization.cs:24)
System.Reflection.RuntimeMethodInfo:Invoke (object,System.Reflection.BindingFlags,System.Reflection.Binder,object[],System.Globalization.CultureInfo)
System.Reflection.MethodBase:Invoke (object,object[])
Valve.VR.SteamVR_Input:FindPreinitializeMethod () (at Assets/SteamVR/Input/SteamVR_Input.cs:134)
Valve.VR.SteamVR_Input:.cctor () (at Assets/SteamVR/Input/SteamVR_Input.cs:114)
Valve.VR.InteractionSystem.Player:.ctor () (at Assets/SteamVR/InteractionSystem/Core/Scripts/Player.cs:41)

(Filename: Assets/SteamVR/Input/SteamVR_Action.cs Line: 690)

Could not find match for direction: in
UnityEngine.StackTraceUtility:ExtractStackTrace ()
UnityEngine.DebugLogHandler:LogFormat (UnityEngine.LogType,UnityEngine.Object,string,object[])
UnityEngine.Logger:Log (UnityEngine.LogType,object)
UnityEngine.Debug:LogError (object)
Valve.VR.SteamVR_Action_Source_Map:GetActionDirection () (at Assets/SteamVR/Input/SteamVR_Action.cs:690)
Valve.VR.SteamVR_Action_Source_Map:PreInitialize (Valve.VR.SteamVR_Action,string,bool) (at Assets/SteamVR/Input/SteamVR_Action.cs:636)
Valve.VR.SteamVR_Action`2<Valve.VR.SteamVR_Action_Boolean_Source_Map, Valve.VR.SteamVR_Action_Boolean_Source>:PreInitialize (string) (at Assets/SteamVR/Input/SteamVR_Action.cs:100)
Valve.VR.SteamVR_Action:Create<Valve.VR.SteamVR_Action_Boolean> (string) (at Assets/SteamVR/Input/SteamVR_Action.cs:294)
Valve.VR.SteamVR_Actions:PreInitActions () (at Assets/SteamVR_Input/SteamVR_Input_Actions.cs:308)
Valve.VR.SteamVR_Actions:PreInitialize () (at Assets/SteamVR_Input/SteamVR_Input_Initialization.cs:24)
System.Reflection.RuntimeMethodInfo:Invoke (object,System.Reflection.BindingFlags,System.Reflection.Binder,object[],System.Globalization.CultureInfo)
System.Reflection.MethodBase:Invoke (object,object[])
Valve.VR.SteamVR_Input:FindPreinitializeMethod () (at Assets/SteamVR/Input/SteamVR_Input.cs:134)
Valve.VR.SteamVR_Input:.cctor () (at Assets/SteamVR/Input/SteamVR_Input.cs:114)
Valve.VR.InteractionSystem.Player:.ctor () (at Assets/SteamVR/InteractionSystem/Core/Scripts/Player.cs:41)

(Filename: Assets/SteamVR/Input/SteamVR_Action.cs Line: 690)

Could not find match for direction: in
UnityEngine.StackTraceUtility:ExtractStackTrace ()
UnityEngine.DebugLogHandler:LogFormat (UnityEngine.LogType,UnityEngine.Object,string,object[])
UnityEngine.Logger:Log (UnityEngine.LogType,object)
UnityEngine.Debug:LogError (object)
Valve.VR.SteamVR_Action_Source_Map:GetActionDirection () (at Assets/SteamVR/Input/SteamVR_Action.cs:690)
Valve.VR.SteamVR_Action_Source_Map:PreInitialize (Valve.VR.SteamVR_Action,string,bool) (at Assets/SteamVR/Input/SteamVR_Action.cs:636)
Valve.VR.SteamVR_Action`2<Valve.VR.SteamVR_Action_Vector2_Source_Map, Valve.VR.SteamVR_Action_Vector2_Source>:PreInitialize (string) (at Assets/SteamVR/Input/SteamVR_Action.cs:100)
Valve.VR.SteamVR_Action:Create<Valve.VR.SteamVR_Action_Vector2> (string) (at Assets/SteamVR/Input/SteamVR_Action.cs:294)
Valve.VR.SteamVR_Actions:PreInitActions () (at Assets/SteamVR_Input/SteamVR_Input_Actions.cs:310)
Valve.VR.SteamVR_Actions:PreInitialize () (at Assets/SteamVR_Input/SteamVR_Input_Initialization.cs:24)
System.Reflection.RuntimeMethodInfo:Invoke (object,System.Reflection.BindingFlags,System.Reflection.Binder,object[],System.Globalization.CultureInfo)
System.Reflection.MethodBase:Invoke (object,object[])
Valve.VR.SteamVR_Input:FindPreinitializeMethod () (at Assets/SteamVR/Input/SteamVR_Input.cs:134)
Valve.VR.SteamVR_Input:.cctor () (at Assets/SteamVR/Input/SteamVR_Input.cs:114)
Valve.VR.InteractionSystem.Player:.ctor () (at Assets/SteamVR/InteractionSystem/Core/Scripts/Player.cs:41)

(Filename: Assets/SteamVR/Input/SteamVR_Action.cs Line: 690)

Could not find match for direction: in
UnityEngine.StackTraceUtility:ExtractStackTrace ()
UnityEngine.DebugLogHandler:LogFormat (UnityEngine.LogType,UnityEngine.Object,string,object[])
UnityEngine.Logger:Log (UnityEngine.LogType,object)
UnityEngine.Debug:LogError (object)
Valve.VR.SteamVR_Action_Source_Map:GetActionDirection () (at Assets/SteamVR/Input/SteamVR_Action.cs:690)
Valve.VR.SteamVR_Action_Source_Map:PreInitialize (Valve.VR.SteamVR_Action,string,bool) (at Assets/SteamVR/Input/SteamVR_Action.cs:636)
Valve.VR.SteamVR_Action`2<Valve.VR.SteamVR_Action_Boolean_Source_Map, Valve.VR.SteamVR_Action_Boolean_Source>:PreInitialize (string) (at Assets/SteamVR/Input/SteamVR_Action.cs:100)
Valve.VR.SteamVR_Action:Create<Valve.VR.SteamVR_Action_Boolean> (string) (at Assets/SteamVR/Input/SteamVR_Action.cs:294)
Valve.VR.SteamVR_Actions:PreInitActions () (at Assets/SteamVR_Input/SteamVR_Input_Actions.cs:311)
Valve.VR.SteamVR_Actions:PreInitialize () (at Assets/SteamVR_Input/SteamVR_Input_Initialization.cs:24)
System.Reflection.RuntimeMethodInfo:Invoke (object,System.Reflection.BindingFlags,System.Reflection.Binder,object[],System.Globalization.CultureInfo)
System.Reflection.MethodBase:Invoke (object,object[])
Valve.VR.SteamVR_Input:FindPreinitializeMethod () (at Assets/SteamVR/Input/SteamVR_Input.cs:134)
Valve.VR.SteamVR_Input:.cctor () (at Assets/SteamVR/Input/SteamVR_Input.cs:114)
Valve.VR.InteractionSystem.Player:.ctor () (at Assets/SteamVR/InteractionSystem/Core/Scripts/Player.cs:41)

(Filename: Assets/SteamVR/Input/SteamVR_Action.cs Line: 690)

Could not find match for direction: in
UnityEngine.StackTraceUtility:ExtractStackTrace ()
UnityEngine.DebugLogHandler:LogFormat (UnityEngine.LogType,UnityEngine.Object,string,object[])
UnityEngine.Logger:Log (UnityEngine.LogType,object)
UnityEngine.Debug:LogError (object)
Valve.VR.SteamVR_Action_Source_Map:GetActionDirection () (at Assets/SteamVR/Input/SteamVR_Action.cs:690)
Valve.VR.SteamVR_Action_Source_Map:PreInitialize (Valve.VR.SteamVR_Action,string,bool) (at Assets/SteamVR/Input/SteamVR_Action.cs:636)
Valve.VR.SteamVR_Action`2<Valve.VR.SteamVR_Action_Vector2_Source_Map, Valve.VR.SteamVR_Action_Vector2_Source>:PreInitialize (string) (at Assets/SteamVR/Input/SteamVR_Action.cs:100)
Valve.VR.SteamVR_Action:Create<Valve.VR.SteamVR_Action_Vector2> (string) (at Assets/SteamVR/Input/SteamVR_Action.cs:294)
Valve.VR.SteamVR_Actions:PreInitActions () (at Assets/SteamVR_Input/SteamVR_Input_Actions.cs:312)
Valve.VR.SteamVR_Actions:PreInitialize () (at Assets/SteamVR_Input/SteamVR_Input_Initialization.cs:24)
System.Reflection.RuntimeMethodInfo:Invoke (object,System.Reflection.BindingFlags,System.Reflection.Binder,object[],System.Globalization.CultureInfo)
System.Reflection.MethodBase:Invoke (object,object[])
Valve.VR.SteamVR_Input:FindPreinitializeMethod () (at Assets/SteamVR/Input/SteamVR_Input.cs:134)
Valve.VR.SteamVR_Input:.cctor () (at Assets/SteamVR/Input/SteamVR_Input.cs:114)
Valve.VR.InteractionSystem.Player:.ctor () (at Assets/SteamVR/InteractionSystem/Core/Scripts/Player.cs:41)

(Filename: Assets/SteamVR/Input/SteamVR_Action.cs Line: 690)

Could not find match for direction: in
UnityEngine.StackTraceUtility:ExtractStackTrace ()
UnityEngine.DebugLogHandler:LogFormat (UnityEngine.LogType,UnityEngine.Object,string,object[])
UnityEngine.Logger:Log (UnityEngine.LogType,object)
UnityEngine.Debug:LogError (object)
Valve.VR.SteamVR_Action_Source_Map:GetActionDirection () (at Assets/SteamVR/Input/SteamVR_Action.cs:690)
Valve.VR.SteamVR_Action_Source_Map:PreInitialize (Valve.VR.SteamVR_Action,string,bool) (at Assets/SteamVR/Input/SteamVR_Action.cs:636)
Valve.VR.SteamVR_Action`2<Valve.VR.SteamVR_Action_Single_Source_Map, Valve.VR.SteamVR_Action_Single_Source>:PreInitialize (string) (at Assets/SteamVR/Input/SteamVR_Action.cs:100)
Valve.VR.SteamVR_Action:Create<Valve.VR.SteamVR_Action_Single> (string) (at Assets/SteamVR/Input/SteamVR_Action.cs:294)
Valve.VR.SteamVR_Actions:PreInitActions () (at Assets/SteamVR_Input/SteamVR_Input_Actions.cs:313)
Valve.VR.SteamVR_Actions:PreInitialize () (at Assets/SteamVR_Input/SteamVR_Input_Initialization.cs:24)
System.Reflection.RuntimeMethodInfo:Invoke (object,System.Reflection.BindingFlags,System.Reflection.Binder,object[],System.Globalization.CultureInfo)
System.Reflection.MethodBase:Invoke (object,object[])
Valve.VR.SteamVR_Input:FindPreinitializeMethod () (at Assets/SteamVR/Input/SteamVR_Input.cs:134)
Valve.VR.SteamVR_Input:.cctor () (at Assets/SteamVR/Input/SteamVR_Input.cs:114)
Valve.VR.InteractionSystem.Player:.ctor () (at Assets/SteamVR/InteractionSystem/Core/Scripts/Player.cs:41)

(Filename: Assets/SteamVR/Input/SteamVR_Action.cs Line: 690)

Could not find match for direction: in
UnityEngine.StackTraceUtility:ExtractStackTrace ()
UnityEngine.DebugLogHandler:LogFormat (UnityEngine.LogType,UnityEngine.Object,string,object[])
UnityEngine.Logger:Log (UnityEngine.LogType,object)
UnityEngine.Debug:LogError (object)
Valve.VR.SteamVR_Action_Source_Map:GetActionDirection () (at Assets/SteamVR/Input/SteamVR_Action.cs:690)
Valve.VR.SteamVR_Action_Source_Map:PreInitialize (Valve.VR.SteamVR_Action,string,bool) (at Assets/SteamVR/Input/SteamVR_Action.cs:636)
Valve.VR.SteamVR_Action`2<Valve.VR.SteamVR_Action_Boolean_Source_Map, Valve.VR.SteamVR_Action_Boolean_Source>:PreInitialize (string) (at Assets/SteamVR/Input/SteamVR_Action.cs:100)
Valve.VR.SteamVR_Action:Create<Valve.VR.SteamVR_Action_Boolean> (string) (at Assets/SteamVR/Input/SteamVR_Action.cs:294)
Valve.VR.SteamVR_Actions:PreInitActions () (at Assets/SteamVR_Input/SteamVR_Input_Actions.cs:314)
Valve.VR.SteamVR_Actions:PreInitialize () (at Assets/SteamVR_Input/SteamVR_Input_Initialization.cs:24)
System.Reflection.RuntimeMethodInfo:Invoke (object,System.Reflection.BindingFlags,System.Reflection.Binder,object[],System.Globalization.CultureInfo)
System.Reflection.MethodBase:Invoke (object,object[])
Valve.VR.SteamVR_Input:FindPreinitializeMethod () (at Assets/SteamVR/Input/SteamVR_Input.cs:134)
Valve.VR.SteamVR_Input:.cctor () (at Assets/SteamVR/Input/SteamVR_Input.cs:114)
Valve.VR.InteractionSystem.Player:.ctor () (at Assets/SteamVR/InteractionSystem/Core/Scripts/Player.cs:41)

(Filename: Assets/SteamVR/Input/SteamVR_Action.cs Line: 690)

Could not find match for direction: in
UnityEngine.StackTraceUtility:ExtractStackTrace ()
UnityEngine.DebugLogHandler:LogFormat (UnityEngine.LogType,UnityEngine.Object,string,object[])
UnityEngine.Logger:Log (UnityEngine.LogType,object)
UnityEngine.Debug:LogError (object)
Valve.VR.SteamVR_Action_Source_Map:GetActionDirection () (at Assets/SteamVR/Input/SteamVR_Action.cs:690)
Valve.VR.SteamVR_Action_Source_Map:PreInitialize (Valve.VR.SteamVR_Action,string,bool) (at Assets/SteamVR/Input/SteamVR_Action.cs:636)
Valve.VR.SteamVR_Action`2<Valve.VR.SteamVR_Action_Boolean_Source_Map, Valve.VR.SteamVR_Action_Boolean_Source>:PreInitialize (string) (at Assets/SteamVR/Input/SteamVR_Action.cs:100)
Valve.VR.SteamVR_Action:Create<Valve.VR.SteamVR_Action_Boolean> (string) (at Assets/SteamVR/Input/SteamVR_Action.cs:294)
Valve.VR.SteamVR_Actions:PreInitActions () (at Assets/SteamVR_Input/SteamVR_Input_Actions.cs:315)
Valve.VR.SteamVR_Actions:PreInitialize () (at Assets/SteamVR_Input/SteamVR_Input_Initialization.cs:24)
System.Reflection.RuntimeMethodInfo:Invoke (object,System.Reflection.BindingFlags,System.Reflection.Binder,object[],System.Globalization.CultureInfo)
System.Reflection.MethodBase:Invoke (object,object[])
Valve.VR.SteamVR_Input:FindPreinitializeMethod () (at Assets/SteamVR/Input/SteamVR_Input.cs:134)
Valve.VR.SteamVR_Input:.cctor () (at Assets/SteamVR/Input/SteamVR_Input.cs:114)
Valve.VR.InteractionSystem.Player:.ctor () (at Assets/SteamVR/InteractionSystem/Core/Scripts/Player.cs:41)

(Filename: Assets/SteamVR/Input/SteamVR_Action.cs Line: 690)

Could not find match for direction: in
UnityEngine.StackTraceUtility:ExtractStackTrace ()
UnityEngine.DebugLogHandler:LogFormat (UnityEngine.LogType,UnityEngine.Object,string,object[])
UnityEngine.Logger:Log (UnityEngine.LogType,object)
UnityEngine.Debug:LogError (object)
Valve.VR.SteamVR_Action_Source_Map:GetActionDirection () (at Assets/SteamVR/Input/SteamVR_Action.cs:690)
Valve.VR.SteamVR_Action_Source_Map:PreInitialize (Valve.VR.SteamVR_Action,string,bool) (at Assets/SteamVR/Input/SteamVR_Action.cs:636)
Valve.VR.SteamVR_Action`2<Valve.VR.SteamVR_Action_Pose_Source_Map`1<Valve.VR.SteamVR_Action_Pose_Source>, Valve.VR.SteamVR_Action_Pose_Source>:PreInitialize (string) (at Assets/SteamVR/Input/SteamVR_Action.cs:100)
Valve.VR.SteamVR_Action:Create<Valve.VR.SteamVR_Action_Pose> (string) (at Assets/SteamVR/Input/SteamVR_Action.cs:294)
Valve.VR.SteamVR_Actions:PreInitActions () (at Assets/SteamVR_Input/SteamVR_Input_Actions.cs:316)
Valve.VR.SteamVR_Actions:PreInitialize () (at Assets/SteamVR_Input/SteamVR_Input_Initialization.cs:24)
System.Reflection.RuntimeMethodInfo:Invoke (object,System.Reflection.BindingFlags,System.Reflection.Binder,object[],System.Globalization.CultureInfo)
System.Reflection.MethodBase:Invoke (object,object[])
Valve.VR.SteamVR_Input:FindPreinitializeMethod () (at Assets/SteamVR/Input/SteamVR_Input.cs:134)
Valve.VR.SteamVR_Input:.cctor () (at Assets/SteamVR/Input/SteamVR_Input.cs:114)
Valve.VR.InteractionSystem.Player:.ctor () (at Assets/SteamVR/InteractionSystem/Core/Scripts/Player.cs:41)

(Filename: Assets/SteamVR/Input/SteamVR_Action.cs Line: 690)

 -> (artifact id: '7f121e70d12456dd07d95526001d47ad') in 0.197609 seconds
Number of updated asset objects reloaded before import = 0
Number of asset objects unloaded after import = 494
========================================================================
Received Prepare
Begin MonoManager ReloadAssembly
- Loaded All Assemblies, in  0.486 seconds
Refreshing native plugins compatible for Editor in 4.81 ms, found 6 plugins.
Native extension for WindowsStandalone target not found
Native extension for WebGL target not found
[Package Manager] Server::EnsureServerProcessIsRunning -- launch failed, reason: Unity was launched with the -noUpm command-line argument
[Package Manager] UpmClient::Send -- Unable to send message (not connected to UPM process).
[Package Manager] Cannot connect to Unity Package Manager local server
[Package Manager] Server::EnsureServerProcessIsRunning -- launch failed, reason: Unity was launched with the -noUpm command-line argument
[Package Manager] UpmClient::Send -- Unable to send message (not connected to UPM process).
[Package Manager] Cannot connect to Unity Package Manager local server
Mono: successfully reloaded assembly
[Package Manager] Server::EnsureServerProcessIsRunning -- launch failed, reason: Unity was launched with the -noUpm command-line argument
[Package Manager] UpmClient::Send -- Unable to send message (not connected to UPM process).
[Package Manager] Cannot connect to Unity Package Manager local server
- Finished resetting the current domain, in  0.988 seconds
Domain Reload Profiling: 1472ms
	BeginReloadAssembly (167ms)
		ExecutionOrderSort (0ms)
		DisableScriptedObjects (6ms)
		BackupInstance (0ms)
		ReleaseScriptingObjects (0ms)
		CreateAndSetChildDomain (32ms)
	RebuildCommonClasses (37ms)
	RebuildNativeTypeToScriptingClass (13ms)
	initialDomainReloadingComplete (32ms)
	LoadAllAssembliesAndSetupDomain (235ms)
		LoadAssemblies (313ms)
		RebuildTransferFunctionScriptingTraits (0ms)
		AnalyzeDomain (16ms)
			TypeCache.Refresh (7ms)
				TypeCache.ScanAssembly (0ms)
			ScanForSourceGeneratedMonoScriptInfo (0ms)
			ResolveRequiredComponents (8ms)
	FinalizeReload (989ms)
		ReleaseScriptCaches (0ms)
		RebuildScriptCaches (0ms)
		SetupLoadedEditorAssemblies (476ms)
			LogAssemblyErrors (0ms)
			InitializePlatformSupportModulesInManaged (8ms)
			SetLoadedEditorAssemblies (4ms)
			RefreshPlugins (0ms)
			BeforeProcessingInitializeOnLoad (82ms)
			ProcessInitializeOnLoadAttributes (344ms)
			ProcessInitializeOnLoadMethodAttributes (31ms)
			AfterProcessingInitializeOnLoad (6ms)
			EditorAssembliesLoaded (0ms)
		ExecutionOrderSort2 (0ms)
		AwakeInstancesAfterBackupRestoration (9ms)
Refreshing native plugins compatible for Editor in 5.15 ms, found 6 plugins.
Preloading 0 native plugins for Editor in 0.00 ms.
Unloading 3388 Unused Serialized files (Serialized files now loaded: 0)
Unloading 26 unused Assets / (33.1 KB). Loaded Objects now: 3912.
Memory consumption went from 137.9 MB to 137.9 MB.
Total: 2.862300 ms (FindLiveObjects: 0.415000 ms CreateObjectMapping: 0.101500 ms MarkObjects: 2.304000 ms  DeleteObjects: 0.040800 ms)

Prepare: number of updated asset objects reloaded= 0
AssetImportParameters requested are different than current active one (requested -> active):
  custom:container-demuxer-ogg: 62fdf1f143b41e24485cea50d1cbac27 -> 
  custom:video-decoder-ogg-theora: a1e56fd34408186e4bbccfd4996cb3dc -> 
  custom:framework-win-MediaFoundation: 216162199b28c13a410421893ffa2e32 -> 
  custom:CustomObjectIndexerAttribute: 43b350a4d6e6d1791af0b5038c4bea17 -> 
  custom:container-demuxer-webm: 4f35f7cbe854078d1ac9338744f61a02 -> 
  custom:container-muxer-webm: aa71ff27fc2769a1b78a27578f13a17b -> 
  custom:video-decoder-webm-vp8: 9c59270c3fd7afecdb556c50c9e8de78 -> 
  custom:SearchIndexIgnoredProperties: e643bd26f0fe6173181afceb89e7c659 -> 
  custom:AudioImporter_EditorPlatform: d09bf68614088b80899f8185d706f6e7 -> 
  custom:video-encoder-webm-vp8: eb34c28f22e8b96e1ab97ce403110664 -> 
  custom:audio-decoder-ogg-vorbis: bf7c407c2cedff20999df2af8eb42d56 -> 
  custom:audio-encoder-webm-vorbis: bf7c407c2cedff20999df2af8eb42d56 -> 
========================================================================
Received Prepare
Begin MonoManager ReloadAssembly
- Loaded All Assemblies, in  0.475 seconds
Refreshing native plugins compatible for Editor in 5.01 ms, found 6 plugins.
Native extension for WindowsStandalone target not found
Native extension for WebGL target not found
[Package Manager] Server::EnsureServerProcessIsRunning -- launch failed, reason: Unity was launched with the -noUpm command-line argument
[Package Manager] UpmClient::Send -- Unable to send message (not connected to UPM process).
[Package Manager] Cannot connect to Unity Package Manager local server
[Package Manager] Server::EnsureServerProcessIsRunning -- launch failed, reason: Unity was launched with the -noUpm command-line argument
[Package Manager] UpmClient::Send -- Unable to send message (not connected to UPM process).
[Package Manager] Cannot connect to Unity Package Manager local server
Mono: successfully reloaded assembly
[Package Manager] Server::EnsureServerProcessIsRunning -- launch failed, reason: Unity was launched with the -noUpm command-line argument
[Package Manager] UpmClient::Send -- Unable to send message (not connected to UPM process).
[Package Manager] Cannot connect to Unity Package Manager local server
- Finished resetting the current domain, in  0.939 seconds
Domain Reload Profiling: 1412ms
	BeginReloadAssembly (156ms)
		ExecutionOrderSort (0ms)
		DisableScriptedObjects (6ms)
		BackupInstance (0ms)
		ReleaseScriptingObjects (0ms)
		CreateAndSetChildDomain (31ms)
	RebuildCommonClasses (36ms)
	RebuildNativeTypeToScriptingClass (13ms)
	initialDomainReloadingComplete (31ms)
	LoadAllAssembliesAndSetupDomain (237ms)
		LoadAssemblies (308ms)
		RebuildTransferFunctionScriptingTraits (0ms)
		AnalyzeDomain (16ms)
			TypeCache.Refresh (7ms)
				TypeCache.ScanAssembly (0ms)
			ScanForSourceGeneratedMonoScriptInfo (0ms)
			ResolveRequiredComponents (8ms)
	FinalizeReload (939ms)
		ReleaseScriptCaches (0ms)
		RebuildScriptCaches (0ms)
		SetupLoadedEditorAssemblies (441ms)
			LogAssemblyErrors (0ms)
			InitializePlatformSupportModulesInManaged (9ms)
			SetLoadedEditorAssemblies (4ms)
			RefreshPlugins (0ms)
			BeforeProcessingInitializeOnLoad (68ms)
			ProcessInitializeOnLoadAttributes (326ms)
			ProcessInitializeOnLoadMethodAttributes (28ms)
			AfterProcessingInitializeOnLoad (7ms)
			EditorAssembliesLoaded (0ms)
		ExecutionOrderSort2 (0ms)
		AwakeInstancesAfterBackupRestoration (8ms)
Refreshing native plugins compatible for Editor in 5.41 ms, found 6 plugins.
Preloading 0 native plugins for Editor in 0.00 ms.
Unloading 3389 Unused Serialized files (Serialized files now loaded: 0)
Unloading 26 unused Assets / (32.1 KB). Loaded Objects now: 3916.
Memory consumption went from 140.1 MB to 140.0 MB.
Total: 3.068500 ms (FindLiveObjects: 0.393500 ms CreateObjectMapping: 0.102500 ms MarkObjects: 2.526900 ms  DeleteObjects: 0.044600 ms)

Prepare: number of updated asset objects reloaded= 0
AssetImportParameters requested are different than current active one (requested -> active):
  custom:container-demuxer-ogg: 62fdf1f143b41e24485cea50d1cbac27 -> 
  custom:video-decoder-ogg-theora: a1e56fd34408186e4bbccfd4996cb3dc -> 
  custom:framework-win-MediaFoundation: 216162199b28c13a410421893ffa2e32 -> 
  custom:CustomObjectIndexerAttribute: 43b350a4d6e6d1791af0b5038c4bea17 -> 
  custom:container-demuxer-webm: 4f35f7cbe854078d1ac9338744f61a02 -> 
  custom:container-muxer-webm: aa71ff27fc2769a1b78a27578f13a17b -> 
  custom:video-decoder-webm-vp8: 9c59270c3fd7afecdb556c50c9e8de78 -> 
  custom:SearchIndexIgnoredProperties: e643bd26f0fe6173181afceb89e7c659 -> 
  custom:AudioImporter_EditorPlatform: d09bf68614088b80899f8185d706f6e7 -> 
  custom:video-encoder-webm-vp8: eb34c28f22e8b96e1ab97ce403110664 -> 
  custom:audio-decoder-ogg-vorbis: bf7c407c2cedff20999df2af8eb42d56 -> 
  custom:audio-encoder-webm-vorbis: bf7c407c2cedff20999df2af8eb42d56 -> 
